<?xml version="1.0" encoding="UTF-8"?>
<!-- Generated by org.testng.reporters.JUnitXMLReporter -->
<testsuite ignored="0" hostname="LTIN486505" failures="0" tests="7" name="Test" time="83.236" errors="0" timestamp="2024-04-02T12:08:16 IST">
  <testcase classname="testFiles.worldClockTest" name="verifyUser" time="11.718"/>
  <testcase classname="testFiles.worldClockTest" name="verifyWorldClockText" time="3.19"/>
  <testcase classname="testFiles.worldClockTest" name="validateBangloreTimeZone" time="3.336"/>
  <testcase classname="testFiles.worldClockTest" name="validateLondonTimeZone" time="6.264"/>
  <testcase classname="testFiles.worldClockTest" name="validateNewYorkTimeZone" time="4.466"/>
  <testcase classname="testFiles.worldClockTest" name="validateHotApps" time="27.379"/>
  <testcase classname="testFiles.worldClockTest" name="validateRandomApp" time="14.332"/>
</testsuite> <!-- Test -->
